<?xml version="1.0" encoding="UTF-8"?>
<testsuite name="racingcar.ApplicationTest" tests="2" skipped="0" failures="0" errors="0" timestamp="2024-10-13T13:32:53" hostname="iyunbin-ui-MacBookAir.local" time="0.479">
  <properties/>
  <testcase name="이름에_대한_예외_처리()" classname="racingcar.ApplicationTest" time="0.034"/>
  <testcase name="전진_정지()" classname="racingcar.ApplicationTest" time="0.443"/>
  <system-out><![CDATA[경주할 자동차 이름을 입력하세요.(이름은 쉼표(,) 기준으로 구분)
경주할 자동차 이름을 입력하세요.(이름은 쉼표(,) 기준으로 구분)
시도할 회수는 몇회인가요?
실행 결과
pobi : -
woni : 

최종 우승자 : pobi
]]></system-out>
  <system-err><![CDATA[]]></system-err>
</testsuite>
